<?xml version="1.0" encoding="UTF-8"?>
<!-- Generated by org.testng.reporters.JUnitReportReporter -->
<testsuite hostname="LAPTOP-RNT70LJ9" failures="0" tests="2" name="Testng.demo2" time="0.002" errors="0" timestamp="2023-02-05T20:17:04 IST" skipped="0">
  <testcase classname="Testng.demo2" name="families" time="0.001"/>
  <system-out>
    <![CDATA[mohan
vijaya
vinoth]]>
  </system-out>
  <testcase classname="Testng.demo2" name="sumo" time="0.001"/>
  <system-out>
    <![CDATA[front wheel
backwheel
toolkit
stering]]>
  </system-out>
</testsuite> <!-- Testng.demo2 -->
