<?xml version="1.0" encoding="UTF-8"?>
<!-- Generated by org.testng.reporters.JUnitReportReporter -->
<testsuite hostname="LAPTOP-RNT70LJ9" failures="0" tests="30" name="Testng.innovacationcount" time="0.017" errors="0" timestamp="2023-02-05T20:17:04 IST" skipped="0">
  <testcase classname="Testng.innovacationcount" name="selenium" time="0.000"/>
  <system-out>
    <![CDATA[selenium]]>
  </system-out>
  <testcase classname="Testng.innovacationcount" name="selenium" time="0.000"/>
  <system-out>
    <![CDATA[selenium]]>
  </system-out>
  <testcase classname="Testng.innovacationcount" name="automationtesting" time="0.001"/>
  <system-out>
    <![CDATA[automation testing]]>
  </system-out>
  <testcase classname="Testng.innovacationcount" name="manualtesting" time="0.000"/>
  <system-out>
    <![CDATA[manual testing]]>
  </system-out>
  <testcase classname="Testng.innovacationcount" name="selenium" time="0.001"/>
  <system-out>
    <![CDATA[selenium]]>
  </system-out>
  <testcase classname="Testng.innovacationcount" name="selenium" time="0.000"/>
  <system-out>
    <![CDATA[selenium]]>
  </system-out>
  <testcase classname="Testng.innovacationcount" name="selenium" time="0.001"/>
  <system-out>
    <![CDATA[selenium]]>
  </system-out>
  <testcase classname="Testng.innovacationcount" name="manualtesting" time="0.001"/>
  <system-out>
    <![CDATA[manual testing]]>
  </system-out>
  <testcase classname="Testng.innovacationcount" name="selenium" time="0.000"/>
  <system-out>
    <![CDATA[selenium]]>
  </system-out>
  <testcase classname="Testng.innovacationcount" name="automationtesting" time="0.000"/>
  <system-out>
    <![CDATA[automation testing]]>
  </system-out>
  <testcase classname="Testng.innovacationcount" name="manualtesting" time="0.001"/>
  <system-out>
    <![CDATA[manual testing]]>
  </system-out>
  <testcase classname="Testng.innovacationcount" name="automationtesting" time="0.000"/>
  <system-out>
    <![CDATA[automation testing]]>
  </system-out>
  <testcase classname="Testng.innovacationcount" name="manualtesting" time="0.000"/>
  <system-out>
    <![CDATA[manual testing]]>
  </system-out>
  <testcase classname="Testng.innovacationcount" name="selenium" time="0.000"/>
  <system-out>
    <![CDATA[selenium]]>
  </system-out>
  <testcase classname="Testng.innovacationcount" name="automationtesting" time="0.001"/>
  <system-out>
    <![CDATA[automation testing]]>
  </system-out>
  <testcase classname="Testng.innovacationcount" name="selenium" time="0.001"/>
  <system-out>
    <![CDATA[selenium]]>
  </system-out>
  <testcase classname="Testng.innovacationcount" name="automationtesting" time="0.001"/>
  <system-out>
    <![CDATA[automation testing]]>
  </system-out>
  <testcase classname="Testng.innovacationcount" name="selenium" time="0.001"/>
  <system-out>
    <![CDATA[selenium]]>
  </system-out>
  <testcase classname="Testng.innovacationcount" name="selenium" time="0.000"/>
  <system-out>
    <![CDATA[selenium]]>
  </system-out>
  <testcase classname="Testng.innovacationcount" name="selenium" time="0.001"/>
  <system-out>
    <![CDATA[selenium]]>
  </system-out>
  <testcase classname="Testng.innovacationcount" name="manualtesting" time="0.000"/>
  <system-out>
    <![CDATA[manual testing]]>
  </system-out>
  <testcase classname="Testng.innovacationcount" name="selenium" time="0.001"/>
  <system-out>
    <![CDATA[selenium]]>
  </system-out>
  <testcase classname="Testng.innovacationcount" name="automationtesting" time="0.000"/>
  <system-out>
    <![CDATA[automation testing]]>
  </system-out>
  <testcase classname="Testng.innovacationcount" name="selenium" time="0.000"/>
  <system-out>
    <![CDATA[selenium]]>
  </system-out>
  <testcase classname="Testng.innovacationcount" name="automationtesting" time="0.001"/>
  <system-out>
    <![CDATA[automation testing]]>
  </system-out>
  <testcase classname="Testng.innovacationcount" name="testng" time="0.001"/>
  <system-out>
    <![CDATA[testng]]>
  </system-out>
  <testcase classname="Testng.innovacationcount" name="selenium" time="0.001"/>
  <system-out>
    <![CDATA[selenium]]>
  </system-out>
  <testcase classname="Testng.innovacationcount" name="selenium" time="0.001"/>
  <system-out>
    <![CDATA[selenium]]>
  </system-out>
  <testcase classname="Testng.innovacationcount" name="automationtesting" time="0.001"/>
  <system-out>
    <![CDATA[automation testing]]>
  </system-out>
  <testcase classname="Testng.innovacationcount" name="testng" time="0.001"/>
  <system-out>
    <![CDATA[testng]]>
  </system-out>
</testsuite> <!-- Testng.innovacationcount -->
