<?xml version="1.0" encoding="UTF-8"?>
<!-- Generated by org.testng.reporters.JUnitReportReporter -->
<testsuite hostname="LAPTOP-RNT70LJ9" failures="0" tests="9" name="Testng.demotestng1" time="0.006" errors="0" timestamp="2023-02-05T20:17:04 IST" skipped="0">
  <testcase classname="Testng.demotestng1" name="testdemo" time="0.001"/>
  <system-out>
    <![CDATA[hi
hello
bye]]>
  </system-out>
  <testcase classname="Testng.demotestng1" name="testdemo" time="0.001"/>
  <system-out>
    <![CDATA[hi
hello
bye]]>
  </system-out>
  <testcase classname="Testng.demotestng1" name="testdemo" time="0.000"/>
  <system-out>
    <![CDATA[hi
hello
bye]]>
  </system-out>
  <testcase classname="Testng.demotestng1" name="testdemo" time="0.001"/>
  <system-out>
    <![CDATA[hi
hello
bye]]>
  </system-out>
  <testcase classname="Testng.demotestng1" name="testdemo" time="0.001"/>
  <system-out>
    <![CDATA[hi
hello
bye]]>
  </system-out>
  <testcase classname="Testng.demotestng1" name="testdemo" time="0.001"/>
  <system-out>
    <![CDATA[hi
hello
bye]]>
  </system-out>
  <testcase classname="Testng.demotestng1" name="testdemo" time="0.000"/>
  <system-out>
    <![CDATA[hi
hello
bye]]>
  </system-out>
  <testcase classname="Testng.demotestng1" name="testdemo" time="0.000"/>
  <system-out>
    <![CDATA[hi
hello
bye]]>
  </system-out>
  <testcase classname="Testng.demotestng1" name="testdemo" time="0.001"/>
  <system-out>
    <![CDATA[hi
hello
bye]]>
  </system-out>
</testsuite> <!-- Testng.demotestng1 -->
