<?xml version="1.0" encoding="UTF-8"?>
<!-- Generated by org.testng.reporters.JUnitReportReporter -->
<testsuite hostname="LAPTOP-RNT70LJ9" failures="0" tests="3" name="Testng.groupexecution3" time="0.002" errors="0" timestamp="2023-02-05T20:17:04 IST" skipped="0">
  <testcase classname="Testng.groupexecution3" name="testcase9" time="0.001"/>
  <system-out>
    <![CDATA[tc-009]]>
  </system-out>
  <testcase classname="Testng.groupexecution3" name="testcase8" time="0.001"/>
  <system-out>
    <![CDATA[tc-008]]>
  </system-out>
  <testcase classname="Testng.groupexecution3" name="testcase7" time="0.000"/>
  <system-out>
    <![CDATA[tc-007]]>
  </system-out>
</testsuite> <!-- Testng.groupexecution3 -->
