<?xml version="1.0" encoding="UTF-8"?>
<!-- Generated by org.testng.reporters.JUnitReportReporter -->
<testsuite hostname="LAPTOP-RNT70LJ9" failures="0" tests="1" name="Testng.groupexecution1" time="0.009" errors="0" timestamp="2023-02-06T18:11:03 IST" skipped="0">
  <testcase classname="Testng.groupexecution1" name="testcase2" time="0.009"/>
  <system-out>
    <![CDATA[tc-002]]>
  </system-out>
</testsuite> <!-- Testng.groupexecution1 -->
