<?xml version="1.0" encoding="UTF-8"?>
<!-- Generated by org.testng.reporters.JUnitReportReporter -->
<testsuite hostname="LAPTOP-RNT70LJ9" failures="0" tests="4" name="Testng.dependsonmethod" time="0.012" errors="0" timestamp="2023-02-05T20:17:04 IST" skipped="0">
  <testcase classname="Testng.dependsonmethod" name="car" time="0.001"/>
  <system-out>
    <![CDATA[car]]>
  </system-out>
  <testcase classname="Testng.dependsonmethod" name="bus" time="0.009"/>
  <system-out>
    <![CDATA[bus]]>
  </system-out>
  <testcase classname="Testng.dependsonmethod" name="train" time="0.001"/>
  <system-out>
    <![CDATA[train]]>
  </system-out>
  <testcase classname="Testng.dependsonmethod" name="aeroplane" time="0.001"/>
  <system-out>
    <![CDATA[aeroplane]]>
  </system-out>
</testsuite> <!-- Testng.dependsonmethod -->
