<?xml version="1.0" encoding="UTF-8"?>
<!-- Generated by org.testng.reporters.JUnitReportReporter -->
<testsuite hostname="LAPTOP-RNT70LJ9" failures="0" tests="3" name="Testng.patchexecution2" time="0.003" errors="0" timestamp="2023-02-05T20:17:04 IST" skipped="0">
  <testcase classname="Testng.patchexecution2" name="lenova" time="0.001"/>
  <system-out>
    <![CDATA[lenova]]>
  </system-out>
  <testcase classname="Testng.patchexecution2" name="hp" time="0.001"/>
  <system-out>
    <![CDATA[hp]]>
  </system-out>
  <testcase classname="Testng.patchexecution2" name="acer" time="0.001"/>
  <system-out>
    <![CDATA[acer]]>
  </system-out>
</testsuite> <!-- Testng.patchexecution2 -->
