<?xml version="1.0" encoding="UTF-8"?>
<!-- Generated by org.testng.reporters.JUnitReportReporter -->
<testsuite hostname="LAPTOP-RNT70LJ9" failures="0" tests="3" name="Testng.patchexecution1" time="0.003" errors="0" timestamp="2023-02-05T20:17:04 IST" skipped="0">
  <testcase classname="Testng.patchexecution1" name="tea" time="0.001"/>
  <system-out>
    <![CDATA[tea]]>
  </system-out>
  <testcase classname="Testng.patchexecution1" name="bisscut" time="0.001"/>
  <system-out>
    <![CDATA[bisscut]]>
  </system-out>
  <testcase classname="Testng.patchexecution1" name="coffee" time="0.001"/>
  <system-out>
    <![CDATA[coffee]]>
  </system-out>
</testsuite> <!-- Testng.patchexecution1 -->
