<?xml version="1.0" encoding="UTF-8"?>
<!-- Generated by org.testng.reporters.JUnitReportReporter -->
<testsuite hostname="LAPTOP-RNT70LJ9" failures="0" tests="3" name="Testng.patchexecution3" time="0.003" errors="0" timestamp="2023-02-05T20:17:04 IST" skipped="0">
  <testcase classname="Testng.patchexecution3" name="screen2" time="0.001"/>
  <system-out>
    <![CDATA[screen2]]>
  </system-out>
  <testcase classname="Testng.patchexecution3" name="screen3" time="0.001"/>
  <system-out>
    <![CDATA[screen3]]>
  </system-out>
  <testcase classname="Testng.patchexecution3" name="screen1" time="0.001"/>
  <system-out>
    <![CDATA[screen1]]>
  </system-out>
</testsuite> <!-- Testng.patchexecution3 -->
