<?xml version="1.0" encoding="UTF-8"?>
<!-- Generated by org.testng.reporters.JUnitReportReporter -->
<testsuite hostname="LAPTOP-RNT70LJ9" failures="0" tests="1" name="Testng.assert1" time="2.812" errors="0" timestamp="2023-02-05T21:02:56 IST" skipped="0">
  <testcase classname="Testng.assert1" name="verifytitle" time="2.812"/>
  <system-out/>
</testsuite> <!-- Testng.assert1 -->
