<?xml version="1.0" encoding="UTF-8"?>
<!-- Generated by org.testng.reporters.JUnitReportReporter -->
<testsuite hostname="LAPTOP-RNT70LJ9" failures="0" tests="4" name="Testng.priority" time="0.003" errors="0" timestamp="2023-02-05T20:17:04 IST" skipped="0">
  <testcase classname="Testng.priority" name="plug" time="0.001"/>
  <system-out>
    <![CDATA[plug]]>
  </system-out>
  <testcase classname="Testng.priority" name="fan" time="0.001"/>
  <system-out>
    <![CDATA[fan]]>
  </system-out>
  <testcase classname="Testng.priority" name="switching" time="0.000"/>
  <system-out>
    <![CDATA[switching]]>
  </system-out>
  <testcase classname="Testng.priority" name="light" time="0.001"/>
  <system-out>
    <![CDATA[light]]>
  </system-out>
</testsuite> <!-- Testng.priority -->
